{"level":"info","message":"Requisição feita com sucesso","service":"user-service"}
{"level":"info","message":"Requisição feita com sucesso","service":"user-service"}
{"level":"info","message":"Requisição feita com sucesso","service":"user-service"}
{"level":"info","message":"Requisição feita com sucesso","service":"user-service"}
{"level":"info","message":"Requisição feita com sucesso","service":"user-service"}
{"hora":"2/23/2025, 9:23:54 AM","level":"info","message":"Requisição feita com sucesso","service":"user-service"}
{"hora":"2/23/2025, 9:23:54 AM","level":"info","message":"Requisição feita com sucesso","service":"user-service"}
{"datahora":"2/23/2025, 9:24:54 AM","level":"info","message":"Requisição feita com sucesso","service":"user-service"}
{"dataHora":"2/23/2025, 9:24:57 AM","level":"info","message":"Requisição feita com sucesso","service":"user-service"}
{"dataHora":"2/23/2025, 9:24:57 AM","level":"info","message":"Requisição feita com sucesso","service":"user-service"}
{"dataHora":"2/23/2025, 9:26:04 AM","level":"error","message":"Ops, alguma coisa deu errado","service":"user-service"}
{"dataHora":"2/23/2025, 9:26:11 AM","level":"info","message":"Requisição feita com sucesso","service":"user-service"}
{"dataHora":"2/23/2025, 9:26:57 AM","level":"info","message":"Requisição feita com sucesso","service":"user-service"}
{"dataHora":"2/23/2025, 9:26:59 AM","level":"info","message":"Requisição feita com sucesso","service":"user-service"}
{"dataHora":"2/23/2025, 9:27:09 AM","level":"error","message":"Ops, alguma coisa deu errado","service":"user-service"}
{"dataHora":"2/23/2025, 9:27:17 AM","level":"info","message":"Requisição feita com sucesso","service":"user-service"}
{"dataHora":"2/23/2025, 9:27:17 AM","level":"info","message":"Requisição feita com sucesso","service":"user-service"}
{"dataHora":"2/23/2025, 9:27:17 AM","level":"info","message":"Requisição feita com sucesso","service":"user-service"}
{"dataHora":"2/23/2025, 9:33:02 AM","level":"info","message":"Requisição feita com sucesso","service":"user-service"}
{"dataHora":"2/23/2025, 9:33:03 AM","level":"info","message":"Requisição feita com sucesso","service":"user-service"}
{"dataHora":"2/23/2025, 9:33:14 AM","level":"info","message":"Requisição feita com sucesso","service":"user-service"}
{"dataHora":"2/23/2025, 9:34:31 AM","level":"info","message":"Requisição feita com sucesso","service":"user-service"}
{"dataHora":"2/23/2025, 9:34:31 AM","level":"info","message":"Requisição feita com sucesso","service":"user-service"}
{"dataHora":"2/23/2025, 9:34:31 AM","level":"info","message":"Requisição feita com sucesso","service":"user-service"}
{"dataHora":"2/23/2025, 9:34:31 AM","level":"info","message":"Requisição feita com sucesso","service":"user-service"}
{"dataHora":"2/23/2025, 9:34:31 AM","level":"info","message":"Requisição feita com sucesso","service":"user-service"}
{"dataHora":"2/23/2025, 9:34:56 AM","level":"info","message":"Requisição feita com sucesso","service":"user-service"}
{"dataHora":"2/23/2025, 9:36:14 AM","level":"info","message":"Requisição feita com sucesso","service":"user-service"}
{"dataHora":"2/23/2025, 9:36:35 AM","level":"info","message":"Requisição feita com sucesso","service":"user-service"}
{"dataHora":"2/23/2025, 9:39:58 AM","level":"info","message":"Requisição feita com sucesso","service":"user-service"}
{"dataHora":"2/23/2025, 9:41:12 AM","level":"info","message":"Requisição feita com sucesso","service":"user-service"}
{"dataHora":"2/23/2025, 9:41:23 AM","level":"info","message":"Requisição feita com sucesso","service":"user-service"}
{"dataHora":"2/23/2025, 9:41:23 AM","level":"info","message":"Requisição feita com sucesso","service":"user-service"}
{"dataHora":"2/23/2025, 9:41:26 AM","level":"info","message":"Requisição feita com sucesso","service":"user-service"}
{"dataHora":"2/23/2025, 9:41:28 AM","level":"info","message":"Requisição feita com sucesso","service":"user-service"}
{"dataHora":"2/23/2025, 9:41:32 AM","level":"info","message":"Requisição feita com sucesso","service":"user-service"}
{"dataHora":"2/23/2025, 9:41:41 AM","level":"info","message":"Requisição feita com sucesso","service":"user-service"}
{"dataHora":"2/23/2025, 9:42:12 AM","level":"info","message":"Requisição feita com sucesso","service":"user-service"}
{"dataHora":"2/23/2025, 9:42:15 AM","level":"info","message":"Requisição feita com sucesso","service":"user-service"}
{"dataHora":"2/23/2025, 9:42:19 AM","level":"info","message":"Requisição feita com sucesso","service":"user-service"}
{"dataHora":"2/23/2025, 9:46:18 AM","level":"info","message":"Requisição feita com sucesso","service":"user-service"}
{"dataHora":"2/23/2025, 9:51:21 AM","level":"info","message":"Requisição feita com sucesso","service":"user-service"}
{"dataHora":"2/23/2025, 9:51:24 AM","level":"info","message":"Requisição feita com sucesso","service":"user-service"}
{"dataHora":"2/23/2025, 9:51:42 AM","level":"info","message":"Requisição feita com sucesso","service":"user-service"}
{"dataHora":"2/23/2025, 9:51:50 AM","level":"info","message":"Requisição feita com sucesso","service":"user-service"}
{"dataHora":"2/23/2025, 9:52:11 AM","level":"info","message":"Requisição feita com sucesso","service":"user-service"}
{"dataHora":"2/23/2025, 9:52:53 AM","level":"info","message":"Requisição feita com sucesso","service":"user-service"}
{"dataHora":"2/23/2025, 9:52:59 AM","level":"info","message":"Requisição feita com sucesso","service":"user-service"}
{"dataHora":"2/23/2025, 9:53:03 AM","level":"info","message":"Requisição feita com sucesso","service":"user-service"}
{"dataHora":"2/23/2025, 9:55:17 AM","level":"info","message":"Requisição feita com sucesso","service":"user-service"}
{"dataHora":"2/23/2025, 9:55:25 AM","level":"info","message":"Requisição feita com sucesso","service":"user-service"}
{"dataHora":"2/23/2025, 9:55:30 AM","level":"info","message":"Requisição feita com sucesso","service":"user-service"}
{"dataHora":"2/23/2025, 9:57:46 AM","level":"info","message":"Requisição feita com sucesso","service":"user-service"}
{"dataHora":"2/23/2025, 9:57:49 AM","level":"info","message":"Requisição feita com sucesso","service":"user-service"}
{"dataHora":"2/23/2025, 9:58:23 AM","level":"info","message":"Requisição feita com sucesso","service":"user-service"}
{"dataHora":"2/23/2025, 9:59:46 AM","level":"info","message":"Requisição feita com sucesso","service":"user-service"}
{"dataHora":"2/23/2025, 9:59:54 AM","level":"info","message":"Requisição feita com sucesso","service":"user-service"}
{"dataHora":"2/23/2025, 9:59:54 AM","level":"info","message":"Requisição feita com sucesso","service":"user-service"}
{"dataHora":"2/23/2025, 9:59:54 AM","level":"info","message":"Requisição feita com sucesso","service":"user-service"}
{"dataHora":"2/23/2025, 9:59:54 AM","level":"info","message":"Requisição feita com sucesso","service":"user-service"}
{"dataHora":"2/23/2025, 10:01:01 AM","level":"info","message":"Requisição feita com sucesso","service":"user-service"}
{"dataHora":"2/23/2025, 10:01:02 AM","level":"info","message":"Requisição feita com sucesso","service":"user-service"}
{"dataHora":"2/23/2025, 10:01:07 AM","level":"info","message":"Requisição feita com sucesso","service":"user-service"}
{"dataHora":"2/23/2025, 10:01:07 AM","level":"info","message":"Requisição feita com sucesso","service":"user-service"}
{"dataHora":"2/23/2025, 10:01:07 AM","level":"info","message":"Requisição feita com sucesso","service":"user-service"}
{"dataHora":"2/23/2025, 10:01:07 AM","level":"info","message":"Requisição feita com sucesso","service":"user-service"}
{"dataHora":"2/23/2025, 10:01:07 AM","level":"info","message":"Requisição feita com sucesso","service":"user-service"}
{"dataHora":"2/23/2025, 10:01:07 AM","level":"info","message":"Requisição feita com sucesso","service":"user-service"}
{"dataHora":"2/23/2025, 10:01:07 AM","level":"info","message":"Requisição feita com sucesso","service":"user-service"}
{"dataHora":"2/23/2025, 10:06:36 AM","level":"info","message":"Requisição feita com sucesso","service":"user-service"}
{"dataHora":"2/23/2025, 10:06:36 AM","level":"info","message":"Requisição feita com sucesso","service":"user-service"}
{"dataHora":"2/23/2025, 10:07:28 AM","level":"info","message":"Requisição feita com sucesso","service":"user-service"}
{"dataHora":"2/23/2025, 10:07:44 AM","level":"info","message":"Requisição feita com sucesso","service":"user-service"}
{"dataHora":"2/23/2025, 10:07:48 AM","level":"info","message":"Requisição feita com sucesso","service":"user-service"}
{"dataHora":"2/23/2025, 10:07:51 AM","level":"info","message":"Requisição feita com sucesso","service":"user-service"}
{"dataHora":"2/23/2025, 10:08:00 AM","level":"info","message":"Requisição feita com sucesso","service":"user-service"}
{"dataHora":"2/23/2025, 10:08:00 AM","level":"info","message":"Requisição feita com sucesso","service":"user-service"}
{"dataHora":"2/23/2025, 10:08:09 AM","level":"info","message":"Requisição feita com sucesso","service":"user-service"}
{"dataHora":"2/23/2025, 10:08:10 AM","level":"info","message":"Requisição feita com sucesso","service":"user-service"}
{"dataHora":"2/23/2025, 10:08:20 AM","level":"info","message":"Requisição feita com sucesso","service":"user-service"}
{"dataHora":"2/23/2025, 10:08:20 AM","level":"info","message":"Requisição feita com sucesso","service":"user-service"}
{"dataHora":"2/23/2025, 10:08:27 AM","level":"info","message":"Requisição feita com sucesso","service":"user-service"}
{"dataHora":"2/23/2025, 10:08:27 AM","level":"info","message":"Requisição feita com sucesso","service":"user-service"}
{"dataHora":"2/23/2025, 10:08:27 AM","level":"info","message":"Requisição feita com sucesso","service":"user-service"}
{"dataHora":"2/23/2025, 10:12:45 AM","level":"info","message":"Requisição feita com sucesso","service":"user-service"}
{"dataHora":"2/23/2025, 10:19:59 AM","level":"info","message":"Requisição feita com sucesso","service":"user-service"}
{"dataHora":"2/23/2025, 10:20:39 AM","level":"info","message":"Requisição feita com sucesso","service":"user-service"}
{"dataHora":"2/23/2025, 10:23:25 AM","level":"info","message":"Requisição feita com sucesso","service":"user-service"}
{"dataHora":"2/23/2025, 10:23:29 AM","level":"info","message":"Requisição feita com sucesso","service":"user-service"}
{"dataHora":"2/23/2025, 10:23:53 AM","level":"info","message":"Requisição feita com sucesso","service":"user-service"}
{"dataHora":"2/23/2025, 10:25:39 AM","level":"info","message":"Requisição feita com sucesso","service":"user-service"}
{"dataHora":"2/23/2025, 10:25:40 AM","level":"info","message":"Requisição feita com sucesso","service":"user-service"}
{"dataHora":"2/23/2025, 10:25:54 AM","level":"info","message":"Requisição feita com sucesso","service":"user-service"}
{"dataHora":"2/23/2025, 10:26:03 AM","level":"info","message":"Requisição feita com sucesso","service":"user-service"}
{"dataHora":"2/23/2025, 10:26:47 AM","level":"info","message":"Requisição feita com sucesso","service":"user-service"}
{"dataHora":"2/23/2025, 10:26:48 AM","level":"info","message":"Requisição feita com sucesso","service":"user-service"}
{"dataHora":"2/23/2025, 10:26:50 AM","level":"info","message":"Requisição feita com sucesso","service":"user-service"}
{"dataHora":"2/23/2025, 10:26:54 AM","level":"info","message":"Requisição feita com sucesso","service":"user-service"}
{"dataHora":"2/23/2025, 10:26:56 AM","level":"info","message":"Requisição feita com sucesso","service":"user-service"}
{"dataHora":"2/23/2025, 10:26:58 AM","level":"info","message":"Requisição feita com sucesso","service":"user-service"}
{"dataHora":"2/23/2025, 10:27:01 AM","level":"info","message":"Requisição feita com sucesso","service":"user-service"}
{"dataHora":"2/23/2025, 10:27:08 AM","level":"info","message":"Requisição feita com sucesso","service":"user-service"}
{"dataHora":"2/23/2025, 10:27:10 AM","level":"info","message":"Requisição feita com sucesso","service":"user-service"}
{"dataHora":"2/23/2025, 10:27:23 AM","level":"info","message":"Requisição feita com sucesso","service":"user-service"}
{"dataHora":"2/23/2025, 10:27:24 AM","level":"info","message":"Requisição feita com sucesso","service":"user-service"}
{"dataHora":"2/23/2025, 10:27:38 AM","level":"info","message":"Requisição feita com sucesso","service":"user-service"}
{"dataHora":"2/23/2025, 10:27:42 AM","level":"info","message":"Requisição feita com sucesso","service":"user-service"}
{"dataHora":"2/23/2025, 10:27:43 AM","level":"info","message":"Requisição feita com sucesso","service":"user-service"}
{"dataHora":"2/23/2025, 10:27:46 AM","level":"info","message":"Requisição feita com sucesso","service":"user-service"}
{"dataHora":"2/23/2025, 10:27:56 AM","level":"info","message":"Requisição feita com sucesso","service":"user-service"}
{"dataHora":"2/23/2025, 10:28:00 AM","level":"info","message":"Requisição feita com sucesso","service":"user-service"}
{"dataHora":"2/23/2025, 10:28:18 AM","level":"info","message":"Requisição feita com sucesso","service":"user-service"}
{"dataHora":"2/23/2025, 10:28:26 AM","level":"info","message":"Requisição feita com sucesso","service":"user-service"}
{"dataHora":"2/23/2025, 10:28:31 AM","level":"info","message":"Requisição feita com sucesso","service":"user-service"}
{"dataHora":"2/23/2025, 10:28:35 AM","level":"info","message":"Requisição feita com sucesso","service":"user-service"}
{"dataHora":"2/23/2025, 10:28:40 AM","level":"info","message":"Requisição feita com sucesso","service":"user-service"}
{"dataHora":"2/23/2025, 10:28:49 AM","level":"info","message":"Requisição feita com sucesso","service":"user-service"}
{"dataHora":"2/23/2025, 10:29:03 AM","level":"info","message":"Requisição feita com sucesso","service":"user-service"}
{"dataHora":"2/23/2025, 10:31:00 AM","level":"info","message":"Requisição feita com sucesso","service":"user-service"}
{"dataHora":"2/23/2025, 10:31:10 AM","level":"info","message":"Requisição feita com sucesso","service":"user-service"}
{"dataHora":"2/23/2025, 10:31:17 AM","level":"info","message":"Requisição feita com sucesso","service":"user-service"}
{"dataHora":"2/23/2025, 10:32:15 AM","level":"info","message":"Requisição feita com sucesso","service":"user-service"}
{"dataHora":"2/23/2025, 10:32:19 AM","level":"info","message":"Requisição feita com sucesso","service":"user-service"}
{"dataHora":"2/23/2025, 10:32:29 AM","level":"info","message":"Requisição feita com sucesso","service":"user-service"}
{"dataHora":"2/23/2025, 10:32:32 AM","level":"info","message":"Requisição feita com sucesso","service":"user-service"}
{"dataHora":"2/23/2025, 10:32:57 AM","level":"info","message":"Requisição feita com sucesso","service":"user-service"}
{"dataHora":"2/23/2025, 10:33:00 AM","level":"info","message":"Requisição feita com sucesso","service":"user-service"}
{"dataHora":"2/23/2025, 10:33:08 AM","level":"info","message":"Requisição feita com sucesso","service":"user-service"}
{"dataHora":"2/23/2025, 10:33:08 AM","level":"info","message":"Post buscado com sucesso: introducao-ao-typescript","service":"user-service"}
{"dataHora":"2/23/2025, 10:34:15 AM","level":"info","message":"Requisição feita com sucesso","service":"user-service"}
{"dataHora":"2/23/2025, 10:34:15 AM","level":"info","message":"Post buscado com sucesso: css-grid-na-pratica","service":"user-service"}
{"dataHora":"2/23/2025, 10:35:16 AM","level":"info","message":"Post buscado com sucesso: css-grid-na-pratica","service":"user-service"}
{"dataHora":"2/23/2025, 10:35:16 AM","level":"info","message":"Post buscado com sucesso: css-grid-na-pratica","service":"user-service"}
{"dataHora":"2/23/2025, 10:36:52 AM","level":"info","message":"Post buscado com sucesso: css-grid-na-pratica","service":"user-service"}
{"dataHora":"2/23/2025, 10:36:52 AM","level":"info","message":"Requisição feita com sucesso","service":"user-service"}
{"dataHora":"2/23/2025, 10:36:52 AM","level":"info","message":"Post buscado com sucesso: vuejs-para-iniciantes","service":"user-service"}
{"dataHora":"2/23/2025, 10:36:52 AM","level":"info","message":"Post buscado com sucesso: dicas-de-acessibilidade-web","service":"user-service"}
{"dataHora":"2/23/2025, 10:40:45 AM","level":"info","message":"Post buscado com sucesso: dicas-de-acessibilidade-web","service":"user-service"}
{"dataHora":"2/23/2025, 10:40:49 AM","level":"info","message":"Post buscado com sucesso: dicas-de-acessibilidade-web","service":"user-service"}
{"dataHora":"2/23/2025, 10:40:50 AM","level":"info","message":"Post buscado com sucesso: dicas-de-acessibilidade-web","service":"user-service"}
{"dataHora":"2/23/2025, 10:41:56 AM","level":"info","message":"Post buscado com sucesso: dicas-de-acessibilidade-web","service":"user-service"}
{"dataHora":"2/23/2025, 10:41:58 AM","level":"info","message":"Post buscado com sucesso: dicas-de-acessibilidade-web","service":"user-service"}
{"dataHora":"2/23/2025, 10:42:06 AM","level":"info","message":"Post buscado com sucesso: dicas-de-acessibilidade-web","service":"user-service"}
{"dataHora":"2/23/2025, 10:42:32 AM","level":"info","message":"Post buscado com sucesso: dicas-de-acessibilidade-web","service":"user-service"}
{"dataHora":"2/23/2025, 10:42:33 AM","level":"info","message":"Post buscado com sucesso: dicas-de-acessibilidade-web","service":"user-service"}
{"dataHora":"2/23/2025, 10:42:44 AM","level":"info","message":"Post buscado com sucesso: dicas-de-acessibilidade-web","service":"user-service"}
{"dataHora":"2/23/2025, 10:42:46 AM","level":"info","message":"Post buscado com sucesso: dicas-de-acessibilidade-web","service":"user-service"}
{"dataHora":"2/23/2025, 10:42:52 AM","level":"info","message":"Post buscado com sucesso: dicas-de-acessibilidade-web","service":"user-service"}
{"dataHora":"2/23/2025, 10:43:13 AM","level":"info","message":"Post buscado com sucesso: dicas-de-acessibilidade-web","service":"user-service"}
{"dataHora":"2/23/2025, 10:43:16 AM","level":"info","message":"Post buscado com sucesso: dicas-de-acessibilidade-web","service":"user-service"}
{"dataHora":"2/23/2025, 10:43:34 AM","level":"info","message":"Post buscado com sucesso: dicas-de-acessibilidade-web","service":"user-service"}
{"dataHora":"2/23/2025, 10:44:02 AM","level":"info","message":"Post buscado com sucesso: dicas-de-acessibilidade-web","service":"user-service"}
{"dataHora":"2/23/2025, 10:45:06 AM","level":"info","message":"Post buscado com sucesso: dicas-de-acessibilidade-web","service":"user-service"}
{"dataHora":"2/23/2025, 10:45:06 AM","level":"info","message":"Post buscado com sucesso: dicas-de-acessibilidade-web","service":"user-service"}
{"dataHora":"2/23/2025, 10:46:00 AM","level":"info","message":"Requisição feita com sucesso","service":"user-service"}
{"dataHora":"2/23/2025, 10:46:00 AM","level":"info","message":"Post buscado com sucesso: introducao-ao-react","service":"user-service"}
{"dataHora":"2/23/2025, 10:47:56 AM","level":"info","message":"Requisição feita com sucesso","service":"user-service"}
{"dataHora":"2/23/2025, 10:48:03 AM","level":"info","message":"Post buscado com sucesso: introducao-ao-react","service":"user-service"}
{"dataHora":"2/23/2025, 10:48:59 AM","level":"info","message":"Post buscado com sucesso: introducao-ao-react","service":"user-service"}
{"dataHora":"2/23/2025, 10:49:25 AM","level":"info","message":"Post buscado com sucesso: introducao-ao-react","service":"user-service"}
{"dataHora":"2/23/2025, 10:51:52 AM","level":"info","message":"Post buscado com sucesso: introducao-ao-react","service":"user-service"}
{"dataHora":"2/23/2025, 10:52:11 AM","level":"info","message":"Post buscado com sucesso: introducao-ao-react","service":"user-service"}
{"dataHora":"2/23/2025, 10:52:32 AM","level":"info","message":"Post buscado com sucesso: introducao-ao-react","service":"user-service"}
{"dataHora":"2/23/2025, 10:52:32 AM","level":"info","message":"Post buscado com sucesso: introducao-ao-react","service":"user-service"}
{"dataHora":"2/23/2025, 10:52:35 AM","level":"info","message":"Post buscado com sucesso: introducao-ao-react","service":"user-service"}
{"dataHora":"2/23/2025, 10:52:38 AM","level":"info","message":"Post buscado com sucesso: introducao-ao-react","service":"user-service"}
{"dataHora":"2/23/2025, 10:52:39 AM","level":"info","message":"Post buscado com sucesso: introducao-ao-react","service":"user-service"}
{"dataHora":"2/23/2025, 10:53:36 AM","level":"info","message":"Post buscado com sucesso: introducao-ao-react","service":"user-service"}
{"dataHora":"2/23/2025, 10:53:37 AM","level":"info","message":"Post buscado com sucesso: introducao-ao-react","service":"user-service"}
{"dataHora":"2/23/2025, 10:54:34 AM","level":"info","message":"Post buscado com sucesso: introducao-ao-react","service":"user-service"}
{"dataHora":"2/23/2025, 10:54:39 AM","level":"info","message":"Post buscado com sucesso: introducao-ao-react","service":"user-service"}
{"dataHora":"2/23/2025, 10:55:03 AM","level":"info","message":"Post buscado com sucesso: introducao-ao-react","service":"user-service"}
{"dataHora":"2/23/2025, 10:55:07 AM","level":"info","message":"Post buscado com sucesso: introducao-ao-react","service":"user-service"}
{"dataHora":"2/23/2025, 10:55:21 AM","level":"info","message":"Post buscado com sucesso: introducao-ao-react","service":"user-service"}
{"dataHora":"2/23/2025, 10:55:21 AM","level":"info","message":"Post buscado com sucesso: introducao-ao-react","service":"user-service"}
{"dataHora":"2/23/2025, 10:55:25 AM","level":"info","message":"Post buscado com sucesso: introducao-ao-react","service":"user-service"}
{"dataHora":"2/23/2025, 10:55:28 AM","level":"info","message":"Post buscado com sucesso: introducao-ao-react","service":"user-service"}
{"dataHora":"2/23/2025, 10:55:30 AM","level":"info","message":"Post buscado com sucesso: introducao-ao-react","service":"user-service"}
{"dataHora":"2/23/2025, 10:55:41 AM","level":"info","message":"Post buscado com sucesso: introducao-ao-react","service":"user-service"}
{"dataHora":"2/23/2025, 10:55:47 AM","level":"info","message":"Post buscado com sucesso: introducao-ao-react","service":"user-service"}
{"dataHora":"2/23/2025, 10:56:02 AM","level":"info","message":"Post buscado com sucesso: introducao-ao-react","service":"user-service"}
{"dataHora":"2/23/2025, 10:56:07 AM","level":"info","message":"Post buscado com sucesso: introducao-ao-react","service":"user-service"}
{"dataHora":"2/23/2025, 10:56:11 AM","level":"info","message":"Post buscado com sucesso: introducao-ao-react","service":"user-service"}
{"dataHora":"2/23/2025, 10:56:17 AM","level":"info","message":"Post buscado com sucesso: introducao-ao-react","service":"user-service"}
{"dataHora":"2/23/2025, 10:56:18 AM","level":"info","message":"Post buscado com sucesso: introducao-ao-react","service":"user-service"}
{"dataHora":"2/23/2025, 10:56:24 AM","level":"info","message":"Post buscado com sucesso: introducao-ao-react","service":"user-service"}
{"dataHora":"2/23/2025, 10:57:03 AM","level":"info","message":"Post buscado com sucesso: introducao-ao-react","service":"user-service"}
{"dataHora":"2/23/2025, 10:57:20 AM","level":"info","message":"Post buscado com sucesso: introducao-ao-react","service":"user-service"}
{"dataHora":"2/23/2025, 10:57:39 AM","level":"info","message":"Post buscado com sucesso: introducao-ao-react","service":"user-service"}
{"dataHora":"2/23/2025, 10:57:40 AM","level":"info","message":"Post buscado com sucesso: introducao-ao-react","service":"user-service"}
{"dataHora":"2/23/2025, 10:57:40 AM","level":"info","message":"Requisição feita com sucesso","service":"user-service"}
{"dataHora":"2/23/2025, 10:57:40 AM","level":"info","message":"Post buscado com sucesso: css-grid-na-pratica","service":"user-service"}
{"dataHora":"2/23/2025, 10:57:40 AM","level":"info","message":"Post buscado com sucesso: otimizacao-de-performance-no-react","service":"user-service"}
{"dataHora":"2/23/2025, 11:14:07 AM","level":"info","message":"Post buscado com sucesso: otimizacao-de-performance-no-react","service":"user-service"}
{"dataHora":"2/23/2025, 11:24:16 AM","level":"info","message":"Post buscado com sucesso: otimizacao-de-performance-no-react","service":"user-service"}
{"dataHora":"2/23/2025, 11:24:18 AM","level":"info","message":"Post buscado com sucesso: otimizacao-de-performance-no-react","service":"user-service"}
{"dataHora":"2/23/2025, 11:24:31 AM","level":"info","message":"Post buscado com sucesso: otimizacao-de-performance-no-react","service":"user-service"}
{"dataHora":"2/23/2025, 11:24:50 AM","level":"info","message":"Post buscado com sucesso: otimizacao-de-performance-no-react","service":"user-service"}
{"dataHora":"2/23/2025, 11:25:13 AM","level":"info","message":"Post buscado com sucesso: otimizacao-de-performance-no-react","service":"user-service"}
{"dataHora":"2/25/2025, 9:05:38 PM","level":"error","message":"Ocorreu um erro ao buscar os posts: TypeError: (intermediate value).include is not a function","service":"user-service"}
{"dataHora":"2/25/2025, 9:05:38 PM","level":"error","message":"Ocorreu um erro ao buscar os posts: TypeError: (intermediate value).include is not a function","service":"user-service"}
{"dataHora":"2/25/2025, 9:06:15 PM","level":"error","message":"Ocorreu um erro ao buscar os posts: ReferenceError: auto is not defined","service":"user-service"}
{"dataHora":"27/02/2025, 16:05:09","level":"error","message":"Ocorreu um erro ao buscar os posts: PrismaClientValidationError: \nInvalid `prisma.post.findMany()` invocation:\n\n{\n  take: 6,\n  orderBy: {\n    createdAt: \"desc\"\n  },\n  include: {\n    autor: true\n  },\n+ skip: Int\n}\n\nArgument `skip` is missing.","service":"user-service"}
{"dataHora":"27/02/2025, 16:05:09","level":"error","message":"Ocorreu um erro ao buscar os posts: PrismaClientValidationError: \nInvalid `prisma.post.findMany()` invocation:\n\n{\n  take: 6,\n  orderBy: {\n    createdAt: \"desc\"\n  },\n  include: {\n    autor: true\n  },\n+ skip: Int\n}\n\nArgument `skip` is missing.","service":"user-service"}
{"dataHora":"27/02/2025, 16:05:11","level":"error","message":"Ocorreu um erro ao buscar os posts: PrismaClientValidationError: \nInvalid `prisma.post.findMany()` invocation:\n\n{\n  take: 6,\n  orderBy: {\n    createdAt: \"desc\"\n  },\n  include: {\n    autor: true\n  },\n+ skip: Int\n}\n\nArgument `skip` is missing.","service":"user-service"}
